[2025-10-11 09:27:33,881] 51 root - INFO - Entered the load_object method of utils
[2025-10-11 09:27:34,695] 58 root - INFO - Exited the load_object method of utils
[2025-10-11 09:27:34,695] 51 root - INFO - Entered the load_object method of utils
[2025-10-11 09:27:34,927] 58 root - INFO - Exited the load_object method of utils
[2025-10-11 09:27:34,927] 22 root - INFO - ✅ PredictionPipeline initialized successfully.
[2025-10-11 09:30:11,571] 74 root - INFO - Received prediction request: {'latitude': 43.97337, 'longitude': -121.2325, 'datetime': datetime.date(2017, 10, 31), 'pr': 0.0, 'rmax': 92.6, 'rmin': 11.8, 'sph': 0.00264, 'srad': 137.1, 'tmmn': 266.9, 'tmmx': 292.4, 'vs': 1.9, 'bi': 25.0, 'fm100': 17.0, 'fm1000': 16.9, 'erc': 33.0, 'etr': 3.2, 'pet': 2.0, 'vpd': 0.93, 'year': 2017, 'month': 10, 'day': 31, 'dayofweek': 1, 'quarter': 4, 'dayofyear': 304, 'weekofyear': 44, 'is_weekend': 0, 'trange': 25.5, 'rrange': 80.8, 'fm_ratio': 1.0059171597633136, 'pet_minus_etr': -1.2000000000000002, 'trange_srad': 3496.0499999999997, 'vpd_tmmx': 271.932, 'fm_wind': 32.3, 'pr_rmax_ratio': 0.0, 'fm_diff': 0.10000000000000142}
[2025-10-11 09:30:11,577] 37 root - INFO - 🔄 Transforming input features using preprocessor...
[2025-10-11 09:30:11,610] 40 root - INFO - 🧠 Generating predictions using trained model...
[2025-10-11 09:30:11,631] 43 root - INFO - ✅ Predictions generated successfully. Shape: (1,)
[2025-10-11 09:32:27,832] 74 root - INFO - Received prediction request: {'latitude': 33.909444, 'longitude': -90.025, 'datetime': datetime.date(2023, 10, 24), 'pr': 0.0, 'rmax': 63.7, 'rmin': 24.8, 'sph': 0.00767, 'srad': 186.1, 'tmmn': 289.3, 'tmmx': 303.5, 'vs': 5.6, 'bi': 53.0, 'fm100': 8.8, 'fm1000': 12.0, 'erc': 55.0, 'etr': 9.4, 'pet': 9.4, 'vpd': 1.85, 'year': 2023, 'month': 10, 'day': 24, 'dayofweek': 1, 'quarter': 4, 'dayofyear': 297, 'weekofyear': 43, 'is_weekend': 0, 'trange': 14.199999999999989, 'rrange': 38.900000000000006, 'fm_ratio': 0.7333333333333334, 'pet_minus_etr': 0.0, 'trange_srad': 2642.6199999999976, 'vpd_tmmx': 561.475, 'fm_wind': 49.28, 'pr_rmax_ratio': 0.0, 'fm_diff': -3.1999999999999993}
[2025-10-11 09:32:27,833] 37 root - INFO - 🔄 Transforming input features using preprocessor...
[2025-10-11 09:32:27,859] 40 root - INFO - 🧠 Generating predictions using trained model...
[2025-10-11 09:32:27,862] 43 root - INFO - ✅ Predictions generated successfully. Shape: (1,)
[2025-10-11 09:32:32,239] 74 root - INFO - Received prediction request: {'latitude': 33.909444, 'longitude': -90.025, 'datetime': datetime.date(2023, 10, 24), 'pr': 0.0, 'rmax': 63.7, 'rmin': 24.8, 'sph': 0.00767, 'srad': 186.1, 'tmmn': 289.3, 'tmmx': 303.5, 'vs': 5.6, 'bi': 53.0, 'fm100': 8.8, 'fm1000': 12.0, 'erc': 55.0, 'etr': 9.4, 'pet': 9.4, 'vpd': 1.85, 'year': 2023, 'month': 10, 'day': 24, 'dayofweek': 1, 'quarter': 4, 'dayofyear': 297, 'weekofyear': 43, 'is_weekend': 0, 'trange': 14.199999999999989, 'rrange': 38.900000000000006, 'fm_ratio': 0.7333333333333334, 'pet_minus_etr': 0.0, 'trange_srad': 2642.6199999999976, 'vpd_tmmx': 561.475, 'fm_wind': 49.28, 'pr_rmax_ratio': 0.0, 'fm_diff': -3.1999999999999993}
[2025-10-11 09:32:32,239] 37 root - INFO - 🔄 Transforming input features using preprocessor...
[2025-10-11 09:32:32,263] 40 root - INFO - 🧠 Generating predictions using trained model...
[2025-10-11 09:32:32,265] 43 root - INFO - ✅ Predictions generated successfully. Shape: (1,)
[2025-10-11 09:32:32,727] 74 root - INFO - Received prediction request: {'latitude': 33.909444, 'longitude': -90.025, 'datetime': datetime.date(2023, 10, 24), 'pr': 0.0, 'rmax': 63.7, 'rmin': 24.8, 'sph': 0.00767, 'srad': 186.1, 'tmmn': 289.3, 'tmmx': 303.5, 'vs': 5.6, 'bi': 53.0, 'fm100': 8.8, 'fm1000': 12.0, 'erc': 55.0, 'etr': 9.4, 'pet': 9.4, 'vpd': 1.85, 'year': 2023, 'month': 10, 'day': 24, 'dayofweek': 1, 'quarter': 4, 'dayofyear': 297, 'weekofyear': 43, 'is_weekend': 0, 'trange': 14.199999999999989, 'rrange': 38.900000000000006, 'fm_ratio': 0.7333333333333334, 'pet_minus_etr': 0.0, 'trange_srad': 2642.6199999999976, 'vpd_tmmx': 561.475, 'fm_wind': 49.28, 'pr_rmax_ratio': 0.0, 'fm_diff': -3.1999999999999993}
[2025-10-11 09:32:32,727] 37 root - INFO - 🔄 Transforming input features using preprocessor...
[2025-10-11 09:32:32,753] 40 root - INFO - 🧠 Generating predictions using trained model...
[2025-10-11 09:32:32,754] 43 root - INFO - ✅ Predictions generated successfully. Shape: (1,)
[2025-10-11 09:32:33,218] 74 root - INFO - Received prediction request: {'latitude': 33.909444, 'longitude': -90.025, 'datetime': datetime.date(2023, 10, 24), 'pr': 0.0, 'rmax': 63.7, 'rmin': 24.8, 'sph': 0.00767, 'srad': 186.1, 'tmmn': 289.3, 'tmmx': 303.5, 'vs': 5.6, 'bi': 53.0, 'fm100': 8.8, 'fm1000': 12.0, 'erc': 55.0, 'etr': 9.4, 'pet': 9.4, 'vpd': 1.85, 'year': 2023, 'month': 10, 'day': 24, 'dayofweek': 1, 'quarter': 4, 'dayofyear': 297, 'weekofyear': 43, 'is_weekend': 0, 'trange': 14.199999999999989, 'rrange': 38.900000000000006, 'fm_ratio': 0.7333333333333334, 'pet_minus_etr': 0.0, 'trange_srad': 2642.6199999999976, 'vpd_tmmx': 561.475, 'fm_wind': 49.28, 'pr_rmax_ratio': 0.0, 'fm_diff': -3.1999999999999993}
[2025-10-11 09:32:33,219] 37 root - INFO - 🔄 Transforming input features using preprocessor...
[2025-10-11 09:32:33,242] 40 root - INFO - 🧠 Generating predictions using trained model...
[2025-10-11 09:32:33,243] 43 root - INFO - ✅ Predictions generated successfully. Shape: (1,)
[2025-10-11 09:34:42,775] 74 root - INFO - Received prediction request: {'latitude': 43.97337, 'longitude': -121.2325, 'datetime': datetime.date(2017, 10, 31), 'pr': 0.0, 'rmax': 92.6, 'rmin': 11.8, 'sph': 0.00264, 'srad': 137.1, 'tmmn': 266.9, 'tmmx': 292.4, 'vs': 1.9, 'bi': 25.0, 'fm100': 17.0, 'fm1000': 16.9, 'erc': 33.0, 'etr': 3.2, 'pet': 2.0, 'vpd': 0.93, 'year': 2017, 'month': 10, 'day': 31, 'dayofweek': 1, 'quarter': 4, 'dayofyear': 304, 'weekofyear': 44, 'is_weekend': 0, 'trange': 25.5, 'rrange': 80.8, 'fm_ratio': 1.0059171597633136, 'pet_minus_etr': -1.2000000000000002, 'trange_srad': 3496.0499999999997, 'vpd_tmmx': 271.932, 'fm_wind': 32.3, 'pr_rmax_ratio': 0.0, 'fm_diff': 0.10000000000000142}
[2025-10-11 09:34:42,779] 37 root - INFO - 🔄 Transforming input features using preprocessor...
[2025-10-11 09:34:42,810] 40 root - INFO - 🧠 Generating predictions using trained model...
[2025-10-11 09:34:42,813] 43 root - INFO - ✅ Predictions generated successfully. Shape: (1,)
[2025-10-11 09:35:26,759] 74 root - INFO - Received prediction request: {'latitude': 33.909444, 'longitude': -90.025, 'datetime': datetime.date(2023, 10, 24), 'pr': 0.0, 'rmax': 63.7, 'rmin': 24.8, 'sph': 0.00767, 'srad': 186.1, 'tmmn': 289.3, 'tmmx': 303.5, 'vs': 5.6, 'bi': 53.0, 'fm100': 8.8, 'fm1000': 12.0, 'erc': 55.0, 'etr': 9.4, 'pet': 6.0, 'vpd': 1.85, 'year': 2023, 'month': 10, 'day': 24, 'dayofweek': 1, 'quarter': 4, 'dayofyear': 297, 'weekofyear': 43, 'is_weekend': 0, 'trange': 14.199999999999989, 'rrange': 38.900000000000006, 'fm_ratio': 0.7333333333333334, 'pet_minus_etr': -3.4000000000000004, 'trange_srad': 2642.6199999999976, 'vpd_tmmx': 561.475, 'fm_wind': 49.28, 'pr_rmax_ratio': 0.0, 'fm_diff': -3.1999999999999993}
[2025-10-11 09:35:26,759] 37 root - INFO - 🔄 Transforming input features using preprocessor...
[2025-10-11 09:35:26,788] 40 root - INFO - 🧠 Generating predictions using trained model...
[2025-10-11 09:35:26,790] 43 root - INFO - ✅ Predictions generated successfully. Shape: (1,)
[2025-10-11 09:36:37,450] 74 root - INFO - Received prediction request: {'latitude': 33.909444, 'longitude': -90.025, 'datetime': datetime.date(2023, 10, 24), 'pr': 0.0, 'rmax': 63.7, 'rmin': 24.8, 'sph': 0.00767, 'srad': 186.1, 'tmmn': 289.3, 'tmmx': 303.5, 'vs': 5.6, 'bi': 53.0, 'fm100': 8.8, 'fm1000': 12.0, 'erc': 55.0, 'etr': 9.4, 'pet': 6.0, 'vpd': 1.85, 'year': 2023, 'month': 10, 'day': 24, 'dayofweek': 1, 'quarter': 4, 'dayofyear': 297, 'weekofyear': 43, 'is_weekend': 0, 'trange': 14.199999999999989, 'rrange': 38.900000000000006, 'fm_ratio': 0.7333333333333334, 'pet_minus_etr': -3.4000000000000004, 'trange_srad': 2642.6199999999976, 'vpd_tmmx': 561.475, 'fm_wind': 49.28, 'pr_rmax_ratio': 0.0, 'fm_diff': -3.1999999999999993}
[2025-10-11 09:36:37,452] 37 root - INFO - 🔄 Transforming input features using preprocessor...
[2025-10-11 09:36:37,475] 40 root - INFO - 🧠 Generating predictions using trained model...
[2025-10-11 09:36:37,477] 43 root - INFO - ✅ Predictions generated successfully. Shape: (1,)
