[2025-10-10 15:24:18,396] 51 root - INFO - Entered the load_object method of utils
[2025-10-10 15:24:19,213] 58 root - INFO - Exited the load_object method of utils
[2025-10-10 15:24:19,213] 51 root - INFO - Entered the load_object method of utils
[2025-10-10 15:24:19,416] 58 root - INFO - Exited the load_object method of utils
[2025-10-10 15:24:19,416] 22 root - INFO - \u2705 PredictionPipeline initialized successfully.
[2025-10-10 15:24:34,625] 74 root - INFO - Received prediction request: {'latitude': 0.0, 'longitude': 0.0, 'datetime': datetime.date(2025, 10, 10), 'pr': 0.0, 'rmax': 0.0, 'rmin': 0.0, 'sph': 0.0, 'srad': 0.0, 'tmmn': 0.0, 'tmmx': 0.0, 'vs': 0.0, 'bi': 0.0, 'fm100': 0.0, 'fm1000': 0.0, 'erc': 0.0, 'etr': 0.0, 'pet': 0.0, 'vpd': 0.0, 'year': 2025, 'month': 10, 'day': 10, 'dayofweek': 4, 'quarter': 4, 'dayofyear': 283, 'weekofyear': 41, 'is_weekend': 0, 'trange': 0.0, 'rrange': 0.0, 'fm_ratio': 0.0, 'pet_minus_etr': 0.0, 'trange_srad': 0.0, 'vpd_tmmx': 0.0, 'fm_wind': 0.0, 'pr_rmax_ratio': 0.0, 'fm_diff': 0.0}
[2025-10-10 15:24:34,629] 37 root - INFO - \U0001f504 Transforming input features using preprocessor...
[2025-10-10 15:24:34,656] 40 root - INFO - \U0001f9e0 Generating predictions using trained model...
[2025-10-10 15:24:37,353] 43 root - INFO - \u2705 Predictions generated successfully. Shape: (1,)
[2025-10-10 15:25:51,876] 74 root - INFO - Received prediction request: {'latitude': 33.84054, 'longitude': -118.2225, 'datetime': datetime.date(2019, 2, 27), 'pr': 0.6, 'rmax': 91.5, 'rmin': 53.9, 'sph': 0.0074, 'srad': 131.5, 'tmmn': 284.4, 'tmmx': 291.3, 'vs': 1.8, 'bi': 21.0, 'fm100': 13.5, 'fm1000': 19.7, 'erc': 29.0, 'etr': 2.5, 'pet': 2.0, 'vpd': 0.51, 'year': 2019, 'month': 2, 'day': 27, 'dayofweek': 2, 'quarter': 1, 'dayofyear': 58, 'weekofyear': 9, 'is_weekend': 0, 'trange': 6.900000000000034, 'rrange': 37.6, 'fm_ratio': 0.6852791878172589, 'pet_minus_etr': -0.5, 'trange_srad': 907.3500000000045, 'vpd_tmmx': 148.56300000000002, 'fm_wind': 24.3, 'pr_rmax_ratio': 0.006557377049180328, 'fm_diff': -6.199999999999999}
[2025-10-10 15:25:51,877] 37 root - INFO - \U0001f504 Transforming input features using preprocessor...
[2025-10-10 15:25:51,920] 40 root - INFO - \U0001f9e0 Generating predictions using trained model...
[2025-10-10 15:25:51,922] 43 root - INFO - \u2705 Predictions generated successfully. Shape: (1,)
[2025-10-10 15:26:32,470] 74 root - INFO - Received prediction request: {'latitude': 325.0, 'longitude': 532.0, 'datetime': datetime.date(2015, 10, 10), 'pr': 235.0, 'rmax': 52.0, 'rmin': 325.0, 'sph': 253.0, 'srad': 25.0, 'tmmn': 53.0, 'tmmx': 235.0, 'vs': 52.0, 'bi': 3.0, 'fm100': 253.0, 'fm1000': 532.0, 'erc': 355.0, 'etr': 523.0, 'pet': 52.0, 'vpd': 52.0, 'year': 2015, 'month': 10, 'day': 10, 'dayofweek': 5, 'quarter': 4, 'dayofyear': 283, 'weekofyear': 41, 'is_weekend': 1, 'trange': 182.0, 'rrange': -273.0, 'fm_ratio': 0.4755639097744361, 'pet_minus_etr': -471.0, 'trange_srad': 4550.0, 'vpd_tmmx': 12220.0, 'fm_wind': 13156.0, 'pr_rmax_ratio': 4.519230769230769, 'fm_diff': -279.0}
[2025-10-10 15:26:32,472] 37 root - INFO - \U0001f504 Transforming input features using preprocessor...
[2025-10-10 15:26:32,532] 40 root - INFO - \U0001f9e0 Generating predictions using trained model...
[2025-10-10 15:26:32,538] 43 root - INFO - \u2705 Predictions generated successfully. Shape: (1,)
[2025-10-10 15:26:52,043] 74 root - INFO - Received prediction request: {'latitude': 325.0, 'longitude': -532.0, 'datetime': datetime.date(2015, 10, 10), 'pr': 235.0, 'rmax': 52.0, 'rmin': 325.0, 'sph': 253.0, 'srad': 25.0, 'tmmn': 53.0, 'tmmx': 235.0, 'vs': 52.0, 'bi': 3.0, 'fm100': 253.0, 'fm1000': 532.0, 'erc': 355.0, 'etr': 523.0, 'pet': 52.0, 'vpd': 52.0, 'year': 2015, 'month': 10, 'day': 10, 'dayofweek': 5, 'quarter': 4, 'dayofyear': 283, 'weekofyear': 41, 'is_weekend': 1, 'trange': 182.0, 'rrange': -273.0, 'fm_ratio': 0.4755639097744361, 'pet_minus_etr': -471.0, 'trange_srad': 4550.0, 'vpd_tmmx': 12220.0, 'fm_wind': 13156.0, 'pr_rmax_ratio': 4.519230769230769, 'fm_diff': -279.0}
[2025-10-10 15:26:52,045] 37 root - INFO - \U0001f504 Transforming input features using preprocessor...
[2025-10-10 15:26:52,097] 40 root - INFO - \U0001f9e0 Generating predictions using trained model...
[2025-10-10 15:26:52,101] 43 root - INFO - \u2705 Predictions generated successfully. Shape: (1,)
[2025-10-10 15:27:01,424] 74 root - INFO - Received prediction request: {'latitude': 325.0, 'longitude': -532.0, 'datetime': datetime.date(2015, 10, 10), 'pr': 235.0, 'rmax': 52.0, 'rmin': 3.0, 'sph': 253.0, 'srad': 25.0, 'tmmn': 53.0, 'tmmx': 2.0, 'vs': 52.0, 'bi': 3.0, 'fm100': 253.0, 'fm1000': 5.0, 'erc': 355.0, 'etr': 523.0, 'pet': 3.0, 'vpd': 52.0, 'year': 2015, 'month': 10, 'day': 10, 'dayofweek': 5, 'quarter': 4, 'dayofyear': 283, 'weekofyear': 41, 'is_weekend': 1, 'trange': -51.0, 'rrange': 49.0, 'fm_ratio': 50.6, 'pet_minus_etr': -520.0, 'trange_srad': -1275.0, 'vpd_tmmx': 104.0, 'fm_wind': 13156.0, 'pr_rmax_ratio': 4.519230769230769, 'fm_diff': 248.0}
[2025-10-10 15:27:01,426] 37 root - INFO - \U0001f504 Transforming input features using preprocessor...
[2025-10-10 15:27:01,474] 40 root - INFO - \U0001f9e0 Generating predictions using trained model...
[2025-10-10 15:27:01,476] 43 root - INFO - \u2705 Predictions generated successfully. Shape: (1,)
[2025-10-10 15:27:01,991] 74 root - INFO - Received prediction request: {'latitude': 325.0, 'longitude': -532.0, 'datetime': datetime.date(2015, 10, 10), 'pr': 235.0, 'rmax': 52.0, 'rmin': 3.0, 'sph': 253.0, 'srad': 25.0, 'tmmn': 53.0, 'tmmx': 2.0, 'vs': 52.0, 'bi': 3.0, 'fm100': 253.0, 'fm1000': 5.0, 'erc': 355.0, 'etr': 523.0, 'pet': 3.0, 'vpd': 52.0, 'year': 2015, 'month': 10, 'day': 10, 'dayofweek': 5, 'quarter': 4, 'dayofyear': 283, 'weekofyear': 41, 'is_weekend': 1, 'trange': -51.0, 'rrange': 49.0, 'fm_ratio': 50.6, 'pet_minus_etr': -520.0, 'trange_srad': -1275.0, 'vpd_tmmx': 104.0, 'fm_wind': 13156.0, 'pr_rmax_ratio': 4.519230769230769, 'fm_diff': 248.0}
[2025-10-10 15:27:01,992] 37 root - INFO - \U0001f504 Transforming input features using preprocessor...
[2025-10-10 15:27:02,038] 40 root - INFO - \U0001f9e0 Generating predictions using trained model...
[2025-10-10 15:27:02,039] 43 root - INFO - \u2705 Predictions generated successfully. Shape: (1,)
[2025-10-10 15:27:02,867] 74 root - INFO - Received prediction request: {'latitude': 325.0, 'longitude': -532.0, 'datetime': datetime.date(2015, 10, 10), 'pr': 235.0, 'rmax': 52.0, 'rmin': 3.0, 'sph': 253.0, 'srad': 25.0, 'tmmn': 53.0, 'tmmx': 2.0, 'vs': 52.0, 'bi': 3.0, 'fm100': 253.0, 'fm1000': 5.0, 'erc': 355.0, 'etr': 523.0, 'pet': 3.0, 'vpd': 52.0, 'year': 2015, 'month': 10, 'day': 10, 'dayofweek': 5, 'quarter': 4, 'dayofyear': 283, 'weekofyear': 41, 'is_weekend': 1, 'trange': -51.0, 'rrange': 49.0, 'fm_ratio': 50.6, 'pet_minus_etr': -520.0, 'trange_srad': -1275.0, 'vpd_tmmx': 104.0, 'fm_wind': 13156.0, 'pr_rmax_ratio': 4.519230769230769, 'fm_diff': 248.0}
[2025-10-10 15:27:02,869] 37 root - INFO - \U0001f504 Transforming input features using preprocessor...
[2025-10-10 15:27:02,917] 40 root - INFO - \U0001f9e0 Generating predictions using trained model...
[2025-10-10 15:27:02,919] 43 root - INFO - \u2705 Predictions generated successfully. Shape: (1,)
[2025-10-10 15:27:03,021] 74 root - INFO - Received prediction request: {'latitude': 325.0, 'longitude': -532.0, 'datetime': datetime.date(2015, 10, 10), 'pr': 235.0, 'rmax': 52.0, 'rmin': 3.0, 'sph': 253.0, 'srad': 25.0, 'tmmn': 53.0, 'tmmx': 2.0, 'vs': 52.0, 'bi': 3.0, 'fm100': 253.0, 'fm1000': 5.0, 'erc': 355.0, 'etr': 523.0, 'pet': 3.0, 'vpd': 52.0, 'year': 2015, 'month': 10, 'day': 10, 'dayofweek': 5, 'quarter': 4, 'dayofyear': 283, 'weekofyear': 41, 'is_weekend': 1, 'trange': -51.0, 'rrange': 49.0, 'fm_ratio': 50.6, 'pet_minus_etr': -520.0, 'trange_srad': -1275.0, 'vpd_tmmx': 104.0, 'fm_wind': 13156.0, 'pr_rmax_ratio': 4.519230769230769, 'fm_diff': 248.0}
[2025-10-10 15:27:03,022] 37 root - INFO - \U0001f504 Transforming input features using preprocessor...
[2025-10-10 15:27:03,061] 40 root - INFO - \U0001f9e0 Generating predictions using trained model...
[2025-10-10 15:27:03,064] 43 root - INFO - \u2705 Predictions generated successfully. Shape: (1,)
[2025-10-10 15:29:04,506] 74 root - INFO - Received prediction request: {'latitude': 43.97337, 'longitude': -121.2325, 'datetime': datetime.date(2017, 10, 31), 'pr': 0.0, 'rmax': 92.6, 'rmin': 11.8, 'sph': 0.00264, 'srad': 137.1, 'tmmn': 266.9, 'tmmx': 292.4, 'vs': 1.9, 'bi': 25.0, 'fm100': 17.0, 'fm1000': 16.9, 'erc': 33.0, 'etr': 3.2, 'pet': 2.0, 'vpd': 0.93, 'year': 2017, 'month': 10, 'day': 31, 'dayofweek': 1, 'quarter': 4, 'dayofyear': 304, 'weekofyear': 44, 'is_weekend': 0, 'trange': 25.5, 'rrange': 80.8, 'fm_ratio': 1.0059171597633136, 'pet_minus_etr': -1.2000000000000002, 'trange_srad': 3496.0499999999997, 'vpd_tmmx': 271.932, 'fm_wind': 32.3, 'pr_rmax_ratio': 0.0, 'fm_diff': 0.10000000000000142}
[2025-10-10 15:29:04,507] 37 root - INFO - \U0001f504 Transforming input features using preprocessor...
[2025-10-10 15:29:04,536] 40 root - INFO - \U0001f9e0 Generating predictions using trained model...
[2025-10-10 15:29:04,538] 43 root - INFO - \u2705 Predictions generated successfully. Shape: (1,)
[2025-10-10 15:29:09,985] 74 root - INFO - Received prediction request: {'latitude': 43.97337, 'longitude': -121.2325, 'datetime': datetime.date(2017, 10, 31), 'pr': 0.0, 'rmax': 92.6, 'rmin': 11.8, 'sph': 0.00264, 'srad': 137.1, 'tmmn': 266.9, 'tmmx': 292.4, 'vs': 1.9, 'bi': 25.0, 'fm100': 17.0, 'fm1000': 16.9, 'erc': 33.0, 'etr': 3.2, 'pet': 2.0, 'vpd': 0.93, 'year': 2017, 'month': 10, 'day': 31, 'dayofweek': 1, 'quarter': 4, 'dayofyear': 304, 'weekofyear': 44, 'is_weekend': 0, 'trange': 25.5, 'rrange': 80.8, 'fm_ratio': 1.0059171597633136, 'pet_minus_etr': -1.2000000000000002, 'trange_srad': 3496.0499999999997, 'vpd_tmmx': 271.932, 'fm_wind': 32.3, 'pr_rmax_ratio': 0.0, 'fm_diff': 0.10000000000000142}
[2025-10-10 15:29:09,985] 37 root - INFO - \U0001f504 Transforming input features using preprocessor...
[2025-10-10 15:29:10,013] 40 root - INFO - \U0001f9e0 Generating predictions using trained model...
[2025-10-10 15:29:10,015] 43 root - INFO - \u2705 Predictions generated successfully. Shape: (1,)
[2025-10-10 15:29:11,062] 74 root - INFO - Received prediction request: {'latitude': 43.97337, 'longitude': -121.2325, 'datetime': datetime.date(2017, 10, 31), 'pr': 0.0, 'rmax': 92.6, 'rmin': 11.8, 'sph': 0.00264, 'srad': 137.1, 'tmmn': 266.9, 'tmmx': 292.4, 'vs': 1.9, 'bi': 25.0, 'fm100': 17.0, 'fm1000': 16.9, 'erc': 33.0, 'etr': 3.2, 'pet': 2.0, 'vpd': 0.93, 'year': 2017, 'month': 10, 'day': 31, 'dayofweek': 1, 'quarter': 4, 'dayofyear': 304, 'weekofyear': 44, 'is_weekend': 0, 'trange': 25.5, 'rrange': 80.8, 'fm_ratio': 1.0059171597633136, 'pet_minus_etr': -1.2000000000000002, 'trange_srad': 3496.0499999999997, 'vpd_tmmx': 271.932, 'fm_wind': 32.3, 'pr_rmax_ratio': 0.0, 'fm_diff': 0.10000000000000142}
[2025-10-10 15:29:11,063] 37 root - INFO - \U0001f504 Transforming input features using preprocessor...
[2025-10-10 15:29:11,086] 40 root - INFO - \U0001f9e0 Generating predictions using trained model...
[2025-10-10 15:29:11,088] 43 root - INFO - \u2705 Predictions generated successfully. Shape: (1,)
[2025-10-10 15:29:11,422] 74 root - INFO - Received prediction request: {'latitude': 43.97337, 'longitude': -121.2325, 'datetime': datetime.date(2017, 10, 31), 'pr': 0.0, 'rmax': 92.6, 'rmin': 11.8, 'sph': 0.00264, 'srad': 137.1, 'tmmn': 266.9, 'tmmx': 292.4, 'vs': 1.9, 'bi': 25.0, 'fm100': 17.0, 'fm1000': 16.9, 'erc': 33.0, 'etr': 3.2, 'pet': 2.0, 'vpd': 0.93, 'year': 2017, 'month': 10, 'day': 31, 'dayofweek': 1, 'quarter': 4, 'dayofyear': 304, 'weekofyear': 44, 'is_weekend': 0, 'trange': 25.5, 'rrange': 80.8, 'fm_ratio': 1.0059171597633136, 'pet_minus_etr': -1.2000000000000002, 'trange_srad': 3496.0499999999997, 'vpd_tmmx': 271.932, 'fm_wind': 32.3, 'pr_rmax_ratio': 0.0, 'fm_diff': 0.10000000000000142}
[2025-10-10 15:29:11,423] 37 root - INFO - \U0001f504 Transforming input features using preprocessor...
[2025-10-10 15:29:11,444] 40 root - INFO - \U0001f9e0 Generating predictions using trained model...
[2025-10-10 15:29:11,446] 43 root - INFO - \u2705 Predictions generated successfully. Shape: (1,)
[2025-10-10 15:29:11,604] 74 root - INFO - Received prediction request: {'latitude': 43.97337, 'longitude': -121.2325, 'datetime': datetime.date(2017, 10, 31), 'pr': 0.0, 'rmax': 92.6, 'rmin': 11.8, 'sph': 0.00264, 'srad': 137.1, 'tmmn': 266.9, 'tmmx': 292.4, 'vs': 1.9, 'bi': 25.0, 'fm100': 17.0, 'fm1000': 16.9, 'erc': 33.0, 'etr': 3.2, 'pet': 2.0, 'vpd': 0.93, 'year': 2017, 'month': 10, 'day': 31, 'dayofweek': 1, 'quarter': 4, 'dayofyear': 304, 'weekofyear': 44, 'is_weekend': 0, 'trange': 25.5, 'rrange': 80.8, 'fm_ratio': 1.0059171597633136, 'pet_minus_etr': -1.2000000000000002, 'trange_srad': 3496.0499999999997, 'vpd_tmmx': 271.932, 'fm_wind': 32.3, 'pr_rmax_ratio': 0.0, 'fm_diff': 0.10000000000000142}
[2025-10-10 15:29:11,605] 37 root - INFO - \U0001f504 Transforming input features using preprocessor...
[2025-10-10 15:29:11,625] 40 root - INFO - \U0001f9e0 Generating predictions using trained model...
[2025-10-10 15:29:11,629] 43 root - INFO - \u2705 Predictions generated successfully. Shape: (1,)
[2025-10-10 15:29:11,779] 74 root - INFO - Received prediction request: {'latitude': 43.97337, 'longitude': -121.2325, 'datetime': datetime.date(2017, 10, 31), 'pr': 0.0, 'rmax': 92.6, 'rmin': 11.8, 'sph': 0.00264, 'srad': 137.1, 'tmmn': 266.9, 'tmmx': 292.4, 'vs': 1.9, 'bi': 25.0, 'fm100': 17.0, 'fm1000': 16.9, 'erc': 33.0, 'etr': 3.2, 'pet': 2.0, 'vpd': 0.93, 'year': 2017, 'month': 10, 'day': 31, 'dayofweek': 1, 'quarter': 4, 'dayofyear': 304, 'weekofyear': 44, 'is_weekend': 0, 'trange': 25.5, 'rrange': 80.8, 'fm_ratio': 1.0059171597633136, 'pet_minus_etr': -1.2000000000000002, 'trange_srad': 3496.0499999999997, 'vpd_tmmx': 271.932, 'fm_wind': 32.3, 'pr_rmax_ratio': 0.0, 'fm_diff': 0.10000000000000142}
[2025-10-10 15:29:11,779] 37 root - INFO - \U0001f504 Transforming input features using preprocessor...
[2025-10-10 15:29:11,802] 40 root - INFO - \U0001f9e0 Generating predictions using trained model...
[2025-10-10 15:29:11,805] 43 root - INFO - \u2705 Predictions generated successfully. Shape: (1,)
[2025-10-10 15:29:11,937] 74 root - INFO - Received prediction request: {'latitude': 43.97337, 'longitude': -121.2325, 'datetime': datetime.date(2017, 10, 31), 'pr': 0.0, 'rmax': 92.6, 'rmin': 11.8, 'sph': 0.00264, 'srad': 137.1, 'tmmn': 266.9, 'tmmx': 292.4, 'vs': 1.9, 'bi': 25.0, 'fm100': 17.0, 'fm1000': 16.9, 'erc': 33.0, 'etr': 3.2, 'pet': 2.0, 'vpd': 0.93, 'year': 2017, 'month': 10, 'day': 31, 'dayofweek': 1, 'quarter': 4, 'dayofyear': 304, 'weekofyear': 44, 'is_weekend': 0, 'trange': 25.5, 'rrange': 80.8, 'fm_ratio': 1.0059171597633136, 'pet_minus_etr': -1.2000000000000002, 'trange_srad': 3496.0499999999997, 'vpd_tmmx': 271.932, 'fm_wind': 32.3, 'pr_rmax_ratio': 0.0, 'fm_diff': 0.10000000000000142}
[2025-10-10 15:29:11,938] 37 root - INFO - \U0001f504 Transforming input features using preprocessor...
[2025-10-10 15:29:11,957] 40 root - INFO - \U0001f9e0 Generating predictions using trained model...
[2025-10-10 15:29:11,959] 43 root - INFO - \u2705 Predictions generated successfully. Shape: (1,)
[2025-10-10 15:29:12,105] 74 root - INFO - Received prediction request: {'latitude': 43.97337, 'longitude': -121.2325, 'datetime': datetime.date(2017, 10, 31), 'pr': 0.0, 'rmax': 92.6, 'rmin': 11.8, 'sph': 0.00264, 'srad': 137.1, 'tmmn': 266.9, 'tmmx': 292.4, 'vs': 1.9, 'bi': 25.0, 'fm100': 17.0, 'fm1000': 16.9, 'erc': 33.0, 'etr': 3.2, 'pet': 2.0, 'vpd': 0.93, 'year': 2017, 'month': 10, 'day': 31, 'dayofweek': 1, 'quarter': 4, 'dayofyear': 304, 'weekofyear': 44, 'is_weekend': 0, 'trange': 25.5, 'rrange': 80.8, 'fm_ratio': 1.0059171597633136, 'pet_minus_etr': -1.2000000000000002, 'trange_srad': 3496.0499999999997, 'vpd_tmmx': 271.932, 'fm_wind': 32.3, 'pr_rmax_ratio': 0.0, 'fm_diff': 0.10000000000000142}
[2025-10-10 15:29:12,106] 37 root - INFO - \U0001f504 Transforming input features using preprocessor...
[2025-10-10 15:29:12,126] 40 root - INFO - \U0001f9e0 Generating predictions using trained model...
[2025-10-10 15:29:12,127] 43 root - INFO - \u2705 Predictions generated successfully. Shape: (1,)
[2025-10-10 15:29:12,265] 74 root - INFO - Received prediction request: {'latitude': 43.97337, 'longitude': -121.2325, 'datetime': datetime.date(2017, 10, 31), 'pr': 0.0, 'rmax': 92.6, 'rmin': 11.8, 'sph': 0.00264, 'srad': 137.1, 'tmmn': 266.9, 'tmmx': 292.4, 'vs': 1.9, 'bi': 25.0, 'fm100': 17.0, 'fm1000': 16.9, 'erc': 33.0, 'etr': 3.2, 'pet': 2.0, 'vpd': 0.93, 'year': 2017, 'month': 10, 'day': 31, 'dayofweek': 1, 'quarter': 4, 'dayofyear': 304, 'weekofyear': 44, 'is_weekend': 0, 'trange': 25.5, 'rrange': 80.8, 'fm_ratio': 1.0059171597633136, 'pet_minus_etr': -1.2000000000000002, 'trange_srad': 3496.0499999999997, 'vpd_tmmx': 271.932, 'fm_wind': 32.3, 'pr_rmax_ratio': 0.0, 'fm_diff': 0.10000000000000142}
[2025-10-10 15:29:12,266] 37 root - INFO - \U0001f504 Transforming input features using preprocessor...
[2025-10-10 15:29:12,294] 40 root - INFO - \U0001f9e0 Generating predictions using trained model...
[2025-10-10 15:29:12,296] 43 root - INFO - \u2705 Predictions generated successfully. Shape: (1,)
[2025-10-10 15:29:18,240] 74 root - INFO - Received prediction request: {'latitude': 43.97337, 'longitude': -121.2325, 'datetime': datetime.date(2017, 10, 31), 'pr': 0.0, 'rmax': 92.6, 'rmin': 11.8, 'sph': 0.00264, 'srad': 137.1, 'tmmn': 266.9, 'tmmx': 292.4, 'vs': 1.9, 'bi': 25.0, 'fm100': 17.0, 'fm1000': 16.9, 'erc': 33.0, 'etr': 3.2, 'pet': 2.0, 'vpd': 0.93, 'year': 2017, 'month': 10, 'day': 31, 'dayofweek': 1, 'quarter': 4, 'dayofyear': 304, 'weekofyear': 44, 'is_weekend': 0, 'trange': 25.5, 'rrange': 80.8, 'fm_ratio': 1.0059171597633136, 'pet_minus_etr': -1.2000000000000002, 'trange_srad': 3496.0499999999997, 'vpd_tmmx': 271.932, 'fm_wind': 32.3, 'pr_rmax_ratio': 0.0, 'fm_diff': 0.10000000000000142}
[2025-10-10 15:29:18,240] 37 root - INFO - \U0001f504 Transforming input features using preprocessor...
[2025-10-10 15:29:18,265] 40 root - INFO - \U0001f9e0 Generating predictions using trained model...
[2025-10-10 15:29:18,266] 43 root - INFO - \u2705 Predictions generated successfully. Shape: (1,)
[2025-10-10 15:29:18,390] 74 root - INFO - Received prediction request: {'latitude': 43.97337, 'longitude': -121.2325, 'datetime': datetime.date(2017, 10, 31), 'pr': 0.0, 'rmax': 92.6, 'rmin': 11.8, 'sph': 0.00264, 'srad': 137.1, 'tmmn': 266.9, 'tmmx': 292.4, 'vs': 1.9, 'bi': 25.0, 'fm100': 17.0, 'fm1000': 16.9, 'erc': 33.0, 'etr': 3.2, 'pet': 2.0, 'vpd': 0.93, 'year': 2017, 'month': 10, 'day': 31, 'dayofweek': 1, 'quarter': 4, 'dayofyear': 304, 'weekofyear': 44, 'is_weekend': 0, 'trange': 25.5, 'rrange': 80.8, 'fm_ratio': 1.0059171597633136, 'pet_minus_etr': -1.2000000000000002, 'trange_srad': 3496.0499999999997, 'vpd_tmmx': 271.932, 'fm_wind': 32.3, 'pr_rmax_ratio': 0.0, 'fm_diff': 0.10000000000000142}
[2025-10-10 15:29:18,391] 37 root - INFO - \U0001f504 Transforming input features using preprocessor...
[2025-10-10 15:29:18,418] 40 root - INFO - \U0001f9e0 Generating predictions using trained model...
[2025-10-10 15:29:18,419] 43 root - INFO - \u2705 Predictions generated successfully. Shape: (1,)
[2025-10-10 15:29:18,550] 74 root - INFO - Received prediction request: {'latitude': 43.97337, 'longitude': -121.2325, 'datetime': datetime.date(2017, 10, 31), 'pr': 0.0, 'rmax': 92.6, 'rmin': 11.8, 'sph': 0.00264, 'srad': 137.1, 'tmmn': 266.9, 'tmmx': 292.4, 'vs': 1.9, 'bi': 25.0, 'fm100': 17.0, 'fm1000': 16.9, 'erc': 33.0, 'etr': 3.2, 'pet': 2.0, 'vpd': 0.93, 'year': 2017, 'month': 10, 'day': 31, 'dayofweek': 1, 'quarter': 4, 'dayofyear': 304, 'weekofyear': 44, 'is_weekend': 0, 'trange': 25.5, 'rrange': 80.8, 'fm_ratio': 1.0059171597633136, 'pet_minus_etr': -1.2000000000000002, 'trange_srad': 3496.0499999999997, 'vpd_tmmx': 271.932, 'fm_wind': 32.3, 'pr_rmax_ratio': 0.0, 'fm_diff': 0.10000000000000142}
[2025-10-10 15:29:18,551] 37 root - INFO - \U0001f504 Transforming input features using preprocessor...
[2025-10-10 15:29:18,576] 40 root - INFO - \U0001f9e0 Generating predictions using trained model...
[2025-10-10 15:29:18,577] 43 root - INFO - \u2705 Predictions generated successfully. Shape: (1,)
[2025-10-10 15:29:18,713] 74 root - INFO - Received prediction request: {'latitude': 43.97337, 'longitude': -121.2325, 'datetime': datetime.date(2017, 10, 31), 'pr': 0.0, 'rmax': 92.6, 'rmin': 11.8, 'sph': 0.00264, 'srad': 137.1, 'tmmn': 266.9, 'tmmx': 292.4, 'vs': 1.9, 'bi': 25.0, 'fm100': 17.0, 'fm1000': 16.9, 'erc': 33.0, 'etr': 3.2, 'pet': 2.0, 'vpd': 0.93, 'year': 2017, 'month': 10, 'day': 31, 'dayofweek': 1, 'quarter': 4, 'dayofyear': 304, 'weekofyear': 44, 'is_weekend': 0, 'trange': 25.5, 'rrange': 80.8, 'fm_ratio': 1.0059171597633136, 'pet_minus_etr': -1.2000000000000002, 'trange_srad': 3496.0499999999997, 'vpd_tmmx': 271.932, 'fm_wind': 32.3, 'pr_rmax_ratio': 0.0, 'fm_diff': 0.10000000000000142}
[2025-10-10 15:29:18,714] 37 root - INFO - \U0001f504 Transforming input features using preprocessor...
[2025-10-10 15:29:18,735] 40 root - INFO - \U0001f9e0 Generating predictions using trained model...
[2025-10-10 15:29:18,736] 43 root - INFO - \u2705 Predictions generated successfully. Shape: (1,)
[2025-10-10 15:29:18,854] 74 root - INFO - Received prediction request: {'latitude': 43.97337, 'longitude': -121.2325, 'datetime': datetime.date(2017, 10, 31), 'pr': 0.0, 'rmax': 92.6, 'rmin': 11.8, 'sph': 0.00264, 'srad': 137.1, 'tmmn': 266.9, 'tmmx': 292.4, 'vs': 1.9, 'bi': 25.0, 'fm100': 17.0, 'fm1000': 16.9, 'erc': 33.0, 'etr': 3.2, 'pet': 2.0, 'vpd': 0.93, 'year': 2017, 'month': 10, 'day': 31, 'dayofweek': 1, 'quarter': 4, 'dayofyear': 304, 'weekofyear': 44, 'is_weekend': 0, 'trange': 25.5, 'rrange': 80.8, 'fm_ratio': 1.0059171597633136, 'pet_minus_etr': -1.2000000000000002, 'trange_srad': 3496.0499999999997, 'vpd_tmmx': 271.932, 'fm_wind': 32.3, 'pr_rmax_ratio': 0.0, 'fm_diff': 0.10000000000000142}
[2025-10-10 15:29:18,855] 37 root - INFO - \U0001f504 Transforming input features using preprocessor...
[2025-10-10 15:29:18,875] 40 root - INFO - \U0001f9e0 Generating predictions using trained model...
[2025-10-10 15:29:18,876] 43 root - INFO - \u2705 Predictions generated successfully. Shape: (1,)
[2025-10-10 15:29:18,998] 74 root - INFO - Received prediction request: {'latitude': 43.97337, 'longitude': -121.2325, 'datetime': datetime.date(2017, 10, 31), 'pr': 0.0, 'rmax': 92.6, 'rmin': 11.8, 'sph': 0.00264, 'srad': 137.1, 'tmmn': 266.9, 'tmmx': 292.4, 'vs': 1.9, 'bi': 25.0, 'fm100': 17.0, 'fm1000': 16.9, 'erc': 33.0, 'etr': 3.2, 'pet': 2.0, 'vpd': 0.93, 'year': 2017, 'month': 10, 'day': 31, 'dayofweek': 1, 'quarter': 4, 'dayofyear': 304, 'weekofyear': 44, 'is_weekend': 0, 'trange': 25.5, 'rrange': 80.8, 'fm_ratio': 1.0059171597633136, 'pet_minus_etr': -1.2000000000000002, 'trange_srad': 3496.0499999999997, 'vpd_tmmx': 271.932, 'fm_wind': 32.3, 'pr_rmax_ratio': 0.0, 'fm_diff': 0.10000000000000142}
[2025-10-10 15:29:18,999] 37 root - INFO - \U0001f504 Transforming input features using preprocessor...
[2025-10-10 15:29:19,019] 40 root - INFO - \U0001f9e0 Generating predictions using trained model...
[2025-10-10 15:29:19,020] 43 root - INFO - \u2705 Predictions generated successfully. Shape: (1,)
[2025-10-10 15:30:28,396] 74 root - INFO - Received prediction request: {'latitude': 43.97337, 'longitude': -121.2325, 'datetime': datetime.date(2017, 10, 31), 'pr': 0.0, 'rmax': 92.6, 'rmin': 11.8, 'sph': 0.00264, 'srad': 137.1, 'tmmn': 266.9, 'tmmx': 292.4, 'vs': 1.9, 'bi': 25.0, 'fm100': 17.0, 'fm1000': 16.9, 'erc': 33.0, 'etr': 3.2, 'pet': 2.0, 'vpd': 0.93, 'year': 2017, 'month': 10, 'day': 31, 'dayofweek': 1, 'quarter': 4, 'dayofyear': 304, 'weekofyear': 44, 'is_weekend': 0, 'trange': 25.5, 'rrange': 80.8, 'fm_ratio': 1.0059171597633136, 'pet_minus_etr': -1.2000000000000002, 'trange_srad': 3496.0499999999997, 'vpd_tmmx': 271.932, 'fm_wind': 32.3, 'pr_rmax_ratio': 0.0, 'fm_diff': 0.10000000000000142}
[2025-10-10 15:30:28,397] 37 root - INFO - \U0001f504 Transforming input features using preprocessor...
[2025-10-10 15:30:28,428] 40 root - INFO - \U0001f9e0 Generating predictions using trained model...
[2025-10-10 15:30:28,432] 43 root - INFO - \u2705 Predictions generated successfully. Shape: (1,)
[2025-10-10 15:30:28,766] 74 root - INFO - Received prediction request: {'latitude': 43.97337, 'longitude': -121.2325, 'datetime': datetime.date(2017, 10, 31), 'pr': 0.0, 'rmax': 92.6, 'rmin': 11.8, 'sph': 0.00264, 'srad': 137.1, 'tmmn': 266.9, 'tmmx': 292.4, 'vs': 1.9, 'bi': 25.0, 'fm100': 17.0, 'fm1000': 16.9, 'erc': 33.0, 'etr': 3.2, 'pet': 2.0, 'vpd': 0.93, 'year': 2017, 'month': 10, 'day': 31, 'dayofweek': 1, 'quarter': 4, 'dayofyear': 304, 'weekofyear': 44, 'is_weekend': 0, 'trange': 25.5, 'rrange': 80.8, 'fm_ratio': 1.0059171597633136, 'pet_minus_etr': -1.2000000000000002, 'trange_srad': 3496.0499999999997, 'vpd_tmmx': 271.932, 'fm_wind': 32.3, 'pr_rmax_ratio': 0.0, 'fm_diff': 0.10000000000000142}
[2025-10-10 15:30:28,767] 37 root - INFO - \U0001f504 Transforming input features using preprocessor...
[2025-10-10 15:30:28,831] 40 root - INFO - \U0001f9e0 Generating predictions using trained model...
[2025-10-10 15:30:28,836] 43 root - INFO - \u2705 Predictions generated successfully. Shape: (1,)
[2025-10-10 15:30:56,458] 74 root - INFO - Received prediction request: {'latitude': 33.84054, 'longitude': -118.2225, 'datetime': datetime.date(2019, 2, 27), 'pr': 0.6, 'rmax': 91.5, 'rmin': 53.9, 'sph': 0.0074, 'srad': 131.5, 'tmmn': 284.4, 'tmmx': 291.3, 'vs': 1.8, 'bi': 21.0, 'fm100': 13.5, 'fm1000': 19.7, 'erc': 29.0, 'etr': 2.5, 'pet': 2.0, 'vpd': 0.51, 'year': 2019, 'month': 2, 'day': 27, 'dayofweek': 2, 'quarter': 1, 'dayofyear': 58, 'weekofyear': 9, 'is_weekend': 0, 'trange': 6.900000000000034, 'rrange': 37.6, 'fm_ratio': 0.6852791878172589, 'pet_minus_etr': -0.5, 'trange_srad': 907.3500000000045, 'vpd_tmmx': 148.56300000000002, 'fm_wind': 24.3, 'pr_rmax_ratio': 0.006557377049180328, 'fm_diff': -6.199999999999999}
[2025-10-10 15:30:56,460] 37 root - INFO - \U0001f504 Transforming input features using preprocessor...
[2025-10-10 15:30:56,504] 40 root - INFO - \U0001f9e0 Generating predictions using trained model...
[2025-10-10 15:30:56,506] 43 root - INFO - \u2705 Predictions generated successfully. Shape: (1,)
[2025-10-10 15:31:57,147] 74 root - INFO - Received prediction request: {'latitude': 33.909444, 'longitude': -90.025, 'datetime': datetime.date(2023, 10, 24), 'pr': 0.0, 'rmax': 63.7, 'rmin': 24.8, 'sph': 0.00767, 'srad': 186.1, 'tmmn': 289.3, 'tmmx': 303.5, 'vs': 5.6, 'bi': 53.0, 'fm100': 8.8, 'fm1000': 12.0, 'erc': 55.0, 'etr': 9.4, 'pet': 6.0, 'vpd': 1.85, 'year': 2023, 'month': 10, 'day': 24, 'dayofweek': 1, 'quarter': 4, 'dayofyear': 297, 'weekofyear': 43, 'is_weekend': 0, 'trange': 14.199999999999989, 'rrange': 38.900000000000006, 'fm_ratio': 0.7333333333333334, 'pet_minus_etr': -3.4000000000000004, 'trange_srad': 2642.6199999999976, 'vpd_tmmx': 561.475, 'fm_wind': 49.28, 'pr_rmax_ratio': 0.0, 'fm_diff': -3.1999999999999993}
[2025-10-10 15:31:57,149] 37 root - INFO - \U0001f504 Transforming input features using preprocessor...
[2025-10-10 15:31:57,182] 40 root - INFO - \U0001f9e0 Generating predictions using trained model...
[2025-10-10 15:31:57,184] 43 root - INFO - \u2705 Predictions generated successfully. Shape: (1,)
[2025-10-10 15:34:28,439] 74 root - INFO - Received prediction request: {'latitude': 33.909444, 'longitude': -90.025, 'datetime': datetime.date(2023, 10, 24), 'pr': 0.0, 'rmax': 63.7, 'rmin': 24.8, 'sph': 0.00767, 'srad': 186.1, 'tmmn': 289.3, 'tmmx': 303.5, 'vs': 5.6, 'bi': 53.0, 'fm100': 8.8, 'fm1000': 12.0, 'erc': 55.0, 'etr': 9.4, 'pet': 6.0, 'vpd': 1.85, 'year': 2023, 'month': 10, 'day': 24, 'dayofweek': 1, 'quarter': 4, 'dayofyear': 297, 'weekofyear': 43, 'is_weekend': 0, 'trange': 14.199999999999989, 'rrange': 38.900000000000006, 'fm_ratio': 0.7333333333333334, 'pet_minus_etr': -3.4000000000000004, 'trange_srad': 2642.6199999999976, 'vpd_tmmx': 561.475, 'fm_wind': 49.28, 'pr_rmax_ratio': 0.0, 'fm_diff': -3.1999999999999993}
[2025-10-10 15:34:28,440] 37 root - INFO - \U0001f504 Transforming input features using preprocessor...
[2025-10-10 15:34:28,493] 40 root - INFO - \U0001f9e0 Generating predictions using trained model...
[2025-10-10 15:34:28,495] 43 root - INFO - \u2705 Predictions generated successfully. Shape: (1,)
